SF:lib/src/core/exceptions/database/database_exception.dart
DA:16,4
DA:18,0
DA:19,0
LF:3
LH:1
end_of_record
SF:lib/src/core/exceptions/network/network_exception.dart
DA:33,9
DA:34,22
DA:36,9
DA:37,9
DA:38,0
DA:41,9
DA:42,0
DA:45,9
DA:46,0
DA:49,9
DA:50,0
DA:53,9
DA:54,15
DA:55,5
DA:58,0
DA:62,4
DA:63,0
DA:66,4
DA:67,0
DA:68,0
DA:71,4
DA:72,4
DA:77,4
DA:78,12
LF:24
LH:16
end_of_record
SF:lib/src/core/network/dio_client.dart
DA:16,0
DA:17,0
DA:19,0
DA:20,0
DA:21,0
DA:22,0
DA:23,0
DA:25,0
DA:26,0
DA:27,0
DA:28,0
DA:29,0
DA:31,0
DA:37,0
DA:45,0
DA:53,0
DA:59,0
DA:69,0
DA:79,0
DA:85,0
DA:95,0
DA:105,0
DA:111,0
DA:121,0
DA:131,0
DA:137,0
DA:147,0
DA:155,0
LF:28
LH:0
end_of_record
SF:lib/src/data/datasources/local/_collections/movie_detail/movie_detail_collection.dart
DA:26,0
DA:43,0
DA:45,0
DA:46,0
DA:47,0
DA:48,0
DA:49,0
DA:50,0
DA:51,0
DA:52,0
DA:53,0
DA:54,0
DA:55,0
DA:56,0
DA:57,0
DA:58,0
DA:59,0
DA:63,0
DA:65,0
DA:66,0
DA:67,0
DA:68,0
DA:69,0
DA:70,0
DA:71,0
DA:72,0
DA:73,0
DA:74,0
DA:75,0
DA:76,0
DA:77,0
DA:78,0
DA:79,0
LF:33
LH:0
end_of_record
SF:lib/src/data/datasources/_mappers/entity_convertable.dart
DA:36,0
LF:1
LH:0
end_of_record
SF:lib/src/data/datasources/local/movie/movie_local_data_source.dart
DA:4,0
LF:1
LH:0
end_of_record
SF:lib/src/data/models/actor_detail/actor_detail_model.dart
DA:31,2
DA:48,1
DA:49,1
DA:52,0
DA:54,1
DA:56,1
DA:57,1
DA:58,1
DA:59,1
DA:60,1
DA:61,1
DA:62,1
DA:63,1
DA:64,1
DA:65,1
DA:66,1
DA:67,1
DA:68,1
DA:69,1
DA:70,1
DA:74,1
DA:75,1
DA:76,1
DA:77,1
DA:78,1
DA:79,1
DA:80,1
DA:81,1
DA:82,1
DA:83,1
DA:84,1
DA:85,1
DA:86,1
DA:87,1
DA:88,1
DA:89,1
LF:36
LH:35
end_of_record
SF:lib/src/data/models/actor_detail/actor_detail_model.g.dart
DA:9,1
DA:10,1
DA:11,1
DA:12,1
DA:13,2
DA:14,1
DA:15,1
DA:16,1
DA:17,1
DA:18,1
DA:19,1
DA:20,1
DA:21,1
DA:22,1
DA:23,1
DA:24,1
DA:25,2
DA:26,1
DA:29,0
DA:30,0
DA:31,0
DA:32,0
DA:33,0
DA:34,0
DA:35,0
DA:36,0
DA:37,0
DA:38,0
DA:39,0
DA:40,0
DA:41,0
DA:42,0
DA:43,0
DA:44,0
LF:34
LH:18
end_of_record
SF:lib/src/data/models/actor_social_media/actor_social_media_model.dart
DA:33,2
DA:47,1
DA:48,1
DA:51,1
DA:52,1
DA:53,1
DA:54,1
DA:55,1
DA:56,1
DA:57,1
DA:58,1
DA:59,1
DA:60,1
DA:61,1
DA:62,1
DA:63,1
DA:66,0
DA:68,1
DA:70,1
DA:71,1
DA:72,1
DA:73,1
DA:74,1
DA:75,1
DA:76,1
DA:77,1
DA:78,1
DA:79,1
DA:80,1
DA:81,1
LF:30
LH:29
end_of_record
SF:lib/src/data/models/actor_social_media/actor_social_media_model.g.dart
DA:9,1
DA:11,1
DA:12,1
DA:13,1
DA:14,1
DA:15,1
DA:16,1
DA:17,1
DA:18,1
DA:19,1
DA:20,1
DA:21,1
DA:22,1
DA:25,0
DA:27,0
DA:28,0
DA:29,0
DA:30,0
DA:31,0
DA:32,0
DA:33,0
DA:34,0
DA:35,0
DA:36,0
DA:37,0
DA:38,0
LF:26
LH:13
end_of_record
SF:lib/src/data/models/movie_credit/movie_credit_model.dart
DA:17,2
DA:19,1
DA:20,1
DA:23,0
DA:25,1
DA:26,4
DA:28,1
DA:29,1
DA:30,1
DA:31,5
DA:32,5
LF:11
LH:10
end_of_record
SF:lib/src/data/models/movie_credit/movie_credit_model.g.dart
DA:9,1
DA:10,1
DA:11,1
DA:12,1
DA:13,0
DA:14,0
DA:15,1
DA:16,0
DA:17,0
DA:20,0
DA:21,0
DA:22,0
DA:23,0
DA:24,0
LF:14
LH:5
end_of_record
SF:lib/src/data/models/movie_listings/movie_listings_model.dart
DA:20,2
DA:27,1
DA:28,1
DA:31,1
DA:32,1
DA:33,5
DA:34,1
DA:35,1
DA:36,1
DA:39,0
DA:41,1
DA:42,5
LF:12
LH:11
end_of_record
SF:lib/src/data/models/movie_listings/movie_listings_model.g.dart
DA:9,1
DA:10,1
DA:11,1
DA:12,1
DA:13,3
DA:14,1
DA:15,1
DA:16,1
DA:19,0
DA:20,0
DA:21,0
DA:22,0
DA:23,0
DA:24,0
LF:14
LH:8
end_of_record
SF:lib/src/domain/usecases/actor/actor_usecases.dart
DA:11,1
DA:14,1
DA:15,2
DA:19,1
DA:20,2
LF:5
LH:5
end_of_record
SF:lib/src/domain/usecases/movie/movie_usecases.dart
DA:11,1
DA:15,1
DA:16,2
DA:20,1
DA:21,2
DA:25,1
DA:26,2
DA:31,0
DA:32,0
DA:36,0
DA:37,0
DA:39,0
DA:40,0
DA:41,0
DA:43,0
DA:45,0
DA:47,0
LF:17
LH:7
end_of_record
SF:lib/src/core/database/local_database.dart
DA:15,0
DA:20,0
DA:21,0
DA:23,0
DA:24,0
DA:26,0
LF:6
LH:0
end_of_record
SF:lib/src/data/datasources/local/movie/movie_local_data_source_impl.dart
DA:8,0
DA:13,0
DA:16,0
DA:17,0
DA:24,0
DA:27,0
DA:36,0
DA:39,0
DA:41,0
DA:48,0
DA:51,0
DA:52,0
LF:12
LH:0
end_of_record
SF:lib/src/data/datasources/remote/actor/actor_remote_data_source_impl.dart
DA:10,1
DA:13,1
DA:16,3
DA:18,2
DA:27,1
DA:30,3
DA:32,2
LF:7
LH:7
end_of_record
SF:lib/src/data/datasources/remote/movie/movie_remote_data_source_impl.dart
DA:10,1
DA:13,1
DA:16,3
DA:18,2
DA:27,1
DA:30,3
DA:32,2
DA:41,1
DA:44,4
DA:46,2
LF:10
LH:10
end_of_record
SF:lib/src/core/constants/app_constants.dart
DA:4,0
DA:5,0
LF:2
LH:0
end_of_record
SF:lib/src/core/network/model/error_model.dart
DA:13,0
DA:15,0
DA:16,0
DA:19,0
DA:21,0
DA:22,0
LF:6
LH:0
end_of_record
SF:lib/src/core/network/model/error_model.g.dart
DA:9,0
DA:10,0
DA:11,0
DA:12,0
DA:15,0
DA:16,0
DA:17,0
DA:18,0
LF:8
LH:0
end_of_record
SF:lib/src/domain/entities/movie_detail/movie_detail_entity.dart
DA:19,7
DA:36,4
DA:38,4
DA:39,4
DA:40,4
DA:41,4
DA:42,4
DA:43,4
DA:44,4
DA:45,4
DA:46,4
DA:47,4
DA:48,4
DA:49,4
DA:50,4
DA:51,4
DA:52,4
LF:17
LH:17
end_of_record
SF:lib/src/domain/entities/actor_detail/actor_detail_entity.dart
DA:19,4
DA:36,2
DA:38,2
DA:39,2
DA:40,2
DA:41,2
DA:42,2
DA:43,2
DA:44,2
DA:45,2
DA:46,2
DA:47,2
DA:48,2
DA:49,2
DA:50,2
DA:51,2
DA:52,2
LF:17
LH:17
end_of_record
SF:lib/src/domain/entities/actor_social_media/actor_social_medias_entity.dart
DA:16,4
DA:30,2
DA:32,2
DA:33,2
DA:34,2
DA:35,2
DA:36,2
DA:37,2
DA:38,2
DA:39,2
DA:40,2
DA:41,2
DA:42,2
DA:43,2
LF:14
LH:14
end_of_record
SF:lib/src/data/models/movie_credit/cast_model.dart
DA:29,1
DA:44,0
DA:46,0
DA:48,0
DA:50,0
DA:51,0
DA:52,0
DA:53,0
DA:54,0
DA:55,0
DA:56,0
DA:57,0
DA:58,0
DA:59,0
DA:60,0
DA:61,0
DA:62,0
DA:66,1
DA:67,1
DA:68,1
DA:69,1
DA:70,1
DA:71,1
DA:72,1
DA:73,1
DA:74,1
DA:75,1
DA:76,1
DA:77,1
DA:78,1
DA:79,1
LF:31
LH:15
end_of_record
SF:lib/src/data/models/movie_credit/cast_model.g.dart
DA:9,0
DA:10,0
DA:11,0
DA:12,0
DA:13,0
DA:14,0
DA:15,0
DA:16,0
DA:17,0
DA:18,0
DA:19,0
DA:20,0
DA:21,0
DA:24,0
DA:25,0
DA:26,0
DA:27,0
DA:28,0
DA:29,0
DA:30,0
DA:31,0
DA:32,0
DA:33,0
DA:34,0
DA:35,0
DA:36,0
LF:26
LH:0
end_of_record
SF:lib/src/domain/entities/movie_credit/cast_entity.dart
DA:17,4
DA:32,2
DA:34,2
DA:35,2
DA:36,2
DA:37,2
DA:38,2
DA:39,2
DA:40,2
DA:41,2
DA:42,2
DA:43,2
DA:44,2
DA:45,2
DA:46,2
LF:15
LH:15
end_of_record
SF:lib/src/data/models/movie_credit/crew_model.dart
DA:27,1
DA:41,0
DA:43,0
DA:45,0
DA:47,0
DA:48,0
DA:49,0
DA:50,0
DA:51,0
DA:52,0
DA:53,0
DA:54,0
DA:55,0
DA:56,0
DA:57,0
DA:58,0
DA:62,1
DA:64,1
DA:65,1
DA:66,1
DA:67,1
DA:68,1
DA:69,1
DA:70,1
DA:71,1
DA:72,1
DA:73,1
DA:74,1
DA:75,1
LF:29
LH:14
end_of_record
SF:lib/src/data/models/movie_credit/crew_model.g.dart
DA:9,0
DA:10,0
DA:11,0
DA:12,0
DA:13,0
DA:14,0
DA:15,0
DA:16,0
DA:17,0
DA:18,0
DA:19,0
DA:20,0
DA:23,0
DA:24,0
DA:25,0
DA:26,0
DA:27,0
DA:28,0
DA:29,0
DA:30,0
DA:31,0
DA:32,0
DA:33,0
DA:34,0
LF:24
LH:0
end_of_record
SF:lib/src/domain/entities/movie_credit/crew_entity.dart
DA:16,3
DA:30,2
DA:31,2
DA:32,2
DA:33,2
DA:34,2
DA:35,2
DA:36,2
DA:37,2
DA:38,2
DA:39,2
DA:40,2
DA:41,2
DA:42,2
LF:14
LH:14
end_of_record
SF:lib/src/domain/entities/movie_credit/movie_credit_entity.dart
DA:11,4
DA:13,2
DA:14,8
LF:3
LH:3
end_of_record
SF:lib/src/data/models/movie_detail/movie_detail_model.dart
DA:34,2
DA:51,1
DA:52,1
DA:55,1
DA:56,1
DA:57,1
DA:58,1
DA:59,1
DA:60,1
DA:61,1
DA:62,1
DA:63,1
DA:64,1
DA:65,1
DA:66,1
DA:67,1
DA:68,1
DA:69,1
DA:70,1
DA:73,0
DA:75,1
DA:77,1
DA:78,1
DA:79,1
DA:80,1
DA:81,1
DA:82,1
DA:83,1
DA:84,1
DA:85,1
DA:86,1
DA:87,1
DA:88,1
DA:89,1
DA:90,1
DA:91,1
LF:36
LH:35
end_of_record
SF:lib/src/data/models/movie_detail/movie_detail_model.g.dart
DA:9,1
DA:10,1
DA:11,1
DA:12,1
DA:14,4
DA:15,1
DA:16,1
DA:17,1
DA:18,1
DA:19,2
DA:20,1
DA:21,1
DA:22,1
DA:23,1
DA:24,2
DA:25,1
DA:28,0
DA:29,0
DA:30,0
DA:31,0
DA:32,0
DA:33,0
DA:34,0
DA:35,0
DA:36,0
DA:37,0
DA:38,0
DA:39,0
DA:40,0
DA:41,0
DA:42,0
DA:43,0
LF:32
LH:16
end_of_record
SF:lib/src/domain/entities/movie_listings/movie_listings_entity.dart
DA:11,4
DA:18,1
DA:19,5
LF:3
LH:3
end_of_record
SF:lib/src/data/repositories/actor/actor_repository_impl.dart
DA:13,1
DA:15,1
DA:18,2
DA:20,2
DA:21,1
DA:22,2
DA:26,1
DA:29,2
DA:31,2
DA:32,1
DA:33,2
LF:11
LH:11
end_of_record
SF:lib/src/data/repositories/movie/movie_repository_impl.dart
DA:16,1
DA:19,1
DA:22,2
DA:24,2
DA:25,1
DA:26,2
DA:30,1
DA:33,2
DA:35,2
DA:36,1
DA:37,2
DA:41,1
DA:44,2
DA:46,2
DA:47,1
DA:48,2
DA:53,0
DA:56,0
DA:58,0
DA:59,0
DA:60,0
DA:64,0
DA:67,0
DA:68,0
DA:71,0
DA:72,0
DA:73,0
DA:77,0
DA:80,0
DA:82,0
DA:83,0
DA:84,0
DA:88,0
DA:91,0
DA:93,0
DA:94,0
DA:95,0
LF:37
LH:16
end_of_record
SF:lib/src/presentation/cubit/movie/get_popular_movies/get_popular_movies_state.dart
DA:4,6
DA:6,1
DA:7,1
DA:13,5
DA:17,1
DA:21,1
DA:22,2
DA:26,2
DA:30,1
DA:31,2
LF:10
LH:10
end_of_record
SF:lib/src/presentation/cubit/movie/get_popular_movies/get_popular_movies_cubit.dart
DA:10,3
DA:21,1
DA:24,1
DA:28,2
DA:29,1
DA:32,3
DA:34,1
DA:35,4
DA:36,1
DA:42,2
DA:43,8
DA:47,3
DA:48,1
DA:51,4
LF:14
LH:14
end_of_record
SF:lib/src/presentation/cubit/movie/get_saved_movies/get_saved_movies_state.dart
DA:4,6
DA:6,1
DA:7,1
DA:13,5
DA:17,1
DA:21,1
DA:22,2
DA:26,2
DA:30,1
DA:31,2
LF:10
LH:10
end_of_record
SF:lib/src/presentation/cubit/movie/get_saved_movies/get_saved_movies_cubit.dart
DA:10,3
DA:12,1
DA:14,2
DA:15,1
DA:18,2
DA:20,1
DA:21,4
DA:22,3
LF:8
LH:8
end_of_record
SF:lib/src/presentation/cubit/movie/get_top_rated_movies/get_top_rated_movies_state.dart
DA:4,6
DA:6,1
DA:7,1
DA:13,5
DA:17,1
DA:21,1
DA:22,2
DA:26,2
DA:30,1
DA:31,2
LF:10
LH:10
end_of_record
SF:lib/src/presentation/cubit/movie/get_top_rated_movies/get_top_rated_movies_cubit.dart
DA:10,3
DA:21,1
DA:24,1
DA:28,2
DA:29,1
DA:32,3
DA:34,1
DA:35,4
DA:36,1
DA:42,2
DA:43,8
DA:47,3
DA:48,1
DA:51,4
LF:14
LH:14
end_of_record
SF:lib/src/presentation/cubit/movie/toggle_bookmark/toggle_bookmark_state.dart
DA:4,6
DA:6,1
DA:7,1
DA:11,4
DA:15,5
DA:19,5
DA:23,2
DA:27,1
DA:28,2
LF:9
LH:9
end_of_record
SF:lib/src/presentation/cubit/movie/toggle_bookmark/toggle_bookmark_cubit.dart
DA:10,2
DA:12,1
DA:14,1
DA:16,2
DA:18,1
DA:19,4
DA:20,2
LF:7
LH:7
end_of_record
SF:lib/src/presentation/cubit/movie/get_movie_credits/get_movie_credits_state.dart
DA:4,3
DA:6,1
DA:7,1
DA:11,1
DA:15,2
DA:19,1
DA:23,1
DA:24,2
DA:28,2
DA:32,1
DA:33,2
LF:11
LH:11
end_of_record
SF:lib/src/presentation/cubit/movie/get_movie_credits/get_movie_credits_cubit.dart
DA:10,2
DA:12,1
DA:13,1
DA:15,2
DA:17,1
DA:18,4
DA:19,3
LF:7
LH:7
end_of_record
SF:lib/src/presentation/cubit/actor/get_actor_detail/get_actor_detail_state.dart
DA:4,4
DA:6,1
DA:7,1
DA:13,3
DA:17,1
DA:21,1
DA:22,2
DA:26,2
DA:30,1
DA:31,2
LF:10
LH:10
end_of_record
SF:lib/src/presentation/cubit/actor/get_actor_detail/get_actor_detail_cubit.dart
DA:10,3
DA:12,1
DA:14,1
DA:16,2
DA:18,1
DA:19,4
DA:20,3
LF:7
LH:7
end_of_record
SF:lib/src/presentation/cubit/actor/get_actor_social_media/get_actor_social_media_state.dart
DA:4,4
DA:6,1
DA:7,1
DA:13,3
DA:17,1
DA:21,0
DA:22,0
DA:23,0
DA:24,0
DA:25,0
DA:26,0
DA:28,1
DA:29,2
DA:33,2
DA:37,1
DA:38,2
LF:16
LH:10
end_of_record
SF:lib/src/presentation/cubit/actor/get_actor_social_media/get_actor_social_media_cubit.dart
DA:10,3
DA:12,1
DA:14,1
DA:16,2
DA:18,1
DA:19,4
DA:20,3
LF:7
LH:7
end_of_record
